<?xml version="1.0" encoding="UTF-8"?>
<coverage generated="1575830068848" clover="3.2.0">
  <project timestamp="1575830068848" name="All files">
    <metrics statements="227" coveredstatements="173" conditionals="65" coveredconditionals="40" methods="68" coveredmethods="47" elements="360" coveredelements="260" complexity="0" loc="227" ncloc="227" packages="2" files="20" classes="20"/>
    <package name="Components">
      <metrics statements="190" coveredstatements="136" conditionals="65" coveredconditionals="40" methods="68" coveredmethods="47"/>
      <file name="App.jsx" path="/Users/andriimalanchuk/Desktop/HackReactor/airbnb-reservation/src/Components/App.jsx">
        <metrics statements="40" coveredstatements="23" conditionals="18" coveredconditionals="10" methods="15" coveredmethods="7"/>
        <line num="13" count="12" type="stmt"/>
        <line num="14" count="12" type="stmt"/>
        <line num="31" count="12" type="stmt"/>
        <line num="32" count="12" type="stmt"/>
        <line num="33" count="12" type="stmt"/>
        <line num="34" count="12" type="stmt"/>
        <line num="35" count="12" type="stmt"/>
        <line num="36" count="12" type="stmt"/>
        <line num="37" count="12" type="stmt"/>
        <line num="38" count="12" type="stmt"/>
        <line num="42" count="13" type="stmt"/>
        <line num="46" count="0" type="stmt"/>
        <line num="50" count="0" type="stmt"/>
        <line num="54" count="0" type="stmt"/>
        <line num="58" count="0" type="cond" truecount="0" falsecount="2"/>
        <line num="59" count="0" type="stmt"/>
        <line num="60" count="0" type="cond" truecount="0" falsecount="4"/>
        <line num="62" count="0" type="stmt"/>
        <line num="68" count="0" type="stmt"/>
        <line num="69" count="0" type="stmt"/>
        <line num="71" count="0" type="stmt"/>
        <line num="72" count="0" type="stmt"/>
        <line num="76" count="13" type="stmt"/>
        <line num="77" count="13" type="stmt"/>
        <line num="78" count="13" type="cond" truecount="1" falsecount="1"/>
        <line num="79" count="13" type="stmt"/>
        <line num="81" count="0" type="stmt"/>
        <line num="82" count="0" type="stmt"/>
        <line num="83" count="0" type="stmt"/>
        <line num="85" count="13" type="stmt"/>
        <line num="86" count="13" type="stmt"/>
        <line num="87" count="13" type="stmt"/>
        <line num="91" count="0" type="stmt"/>
        <line num="101" count="0" type="stmt"/>
        <line num="107" count="2" type="cond" truecount="2" falsecount="0"/>
        <line num="113" count="2" type="cond" truecount="2" falsecount="0"/>
        <line num="119" count="32" type="stmt"/>
        <line num="124" count="16" type="stmt"/>
        <line num="125" count="16" type="stmt"/>
        <line num="136" count="0" type="stmt"/>
      </file>
      <file name="Calendar.jsx" path="/Users/andriimalanchuk/Desktop/HackReactor/airbnb-reservation/src/Components/Calendar.jsx">
        <metrics statements="87" coveredstatements="53" conditionals="16" coveredconditionals="8" methods="28" coveredmethods="15"/>
        <line num="11" count="4" type="stmt"/>
        <line num="12" count="4" type="stmt"/>
        <line num="22" count="4" type="stmt"/>
        <line num="23" count="4" type="stmt"/>
        <line num="24" count="4" type="stmt"/>
        <line num="25" count="4" type="stmt"/>
        <line num="26" count="4" type="stmt"/>
        <line num="27" count="4" type="stmt"/>
        <line num="28" count="4" type="stmt"/>
        <line num="29" count="4" type="stmt"/>
        <line num="30" count="4" type="stmt"/>
        <line num="31" count="4" type="stmt"/>
        <line num="32" count="4" type="stmt"/>
        <line num="36" count="4" type="stmt"/>
        <line num="40" count="0" type="stmt"/>
        <line num="41" count="0" type="stmt"/>
        <line num="42" count="0" type="stmt"/>
        <line num="43" count="0" type="stmt"/>
        <line num="45" count="0" type="stmt"/>
        <line num="51" count="4" type="stmt"/>
        <line num="52" count="0" type="stmt"/>
        <line num="53" count="0" type="stmt"/>
        <line num="54" count="0" type="stmt"/>
        <line num="55" count="0" type="cond" truecount="0" falsecount="4"/>
        <line num="56" count="0" type="stmt"/>
        <line num="59" count="4" type="stmt"/>
        <line num="60" count="0" type="stmt"/>
        <line num="61" count="0" type="stmt"/>
        <line num="66" count="0" type="stmt"/>
        <line num="67" count="0" type="stmt"/>
        <line num="68" count="0" type="stmt"/>
        <line num="69" count="0" type="stmt"/>
        <line num="70" count="0" type="stmt"/>
        <line num="71" count="0" type="stmt"/>
        <line num="73" count="0" type="stmt"/>
        <line num="77" count="4" type="stmt"/>
        <line num="78" count="4" type="stmt"/>
        <line num="79" count="4" type="stmt"/>
        <line num="83" count="0" type="stmt"/>
        <line num="87" count="4" type="stmt"/>
        <line num="91" count="4" type="stmt"/>
        <line num="95" count="0" type="stmt"/>
        <line num="99" count="128" type="stmt"/>
        <line num="103" count="0" type="stmt"/>
        <line num="104" count="0" type="stmt"/>
        <line num="105" count="0" type="stmt"/>
        <line num="109" count="0" type="stmt"/>
        <line num="110" count="0" type="stmt"/>
        <line num="111" count="0" type="stmt"/>
        <line num="115" count="4" type="stmt"/>
        <line num="116" count="4" type="stmt"/>
        <line num="117" count="28" type="stmt"/>
        <line num="125" count="4" type="stmt"/>
        <line num="127" count="4" type="stmt"/>
        <line num="129" count="0" type="stmt"/>
        <line num="133" count="4" type="stmt"/>
        <line num="137" count="0" type="stmt"/>
        <line num="138" count="0" type="stmt"/>
        <line num="139" count="0" type="cond" truecount="0" falsecount="2"/>
        <line num="143" count="4" type="stmt"/>
        <line num="144" count="4" type="stmt"/>
        <line num="146" count="4" type="stmt"/>
        <line num="147" count="124" type="cond" truecount="2" falsecount="0"/>
        <line num="148" count="36" type="stmt"/>
        <line num="149" count="36" type="cond" truecount="1" falsecount="1"/>
        <line num="152" count="88" type="cond" truecount="1" falsecount="1"/>
        <line num="155" count="124" type="stmt"/>
        <line num="157" count="0" type="stmt"/>
        <line num="161" count="4" type="stmt"/>
        <line num="165" count="4" type="stmt"/>
        <line num="166" count="4" type="stmt"/>
        <line num="167" count="4" type="stmt"/>
        <line num="169" count="4" type="stmt"/>
        <line num="170" count="124" type="cond" truecount="2" falsecount="0"/>
        <line num="171" count="104" type="stmt"/>
        <line num="173" count="20" type="stmt"/>
        <line num="174" count="20" type="stmt"/>
        <line num="175" count="20" type="stmt"/>
        <line num="176" count="20" type="stmt"/>
        <line num="178" count="124" type="cond" truecount="2" falsecount="0"/>
        <line num="179" count="4" type="stmt"/>
        <line num="180" count="4" type="stmt"/>
        <line num="183" count="4" type="stmt"/>
        <line num="184" count="24" type="stmt"/>
        <line num="193" count="4" type="stmt"/>
        <line num="197" count="0" type="stmt"/>
        <line num="200" count="0" type="stmt"/>
      </file>
      <file name="Form.jsx" path="/Users/andriimalanchuk/Desktop/HackReactor/airbnb-reservation/src/Components/Form.jsx">
        <metrics statements="5" coveredstatements="4" conditionals="6" coveredconditionals="3" methods="3" coveredmethods="3"/>
        <line num="6" count="4" type="stmt"/>
        <line num="7" count="4" type="stmt"/>
        <line num="16" count="4" type="cond" truecount="3" falsecount="3"/>
        <line num="18" count="0" type="stmt"/>
        <line num="29" count="8" type="stmt"/>
      </file>
      <file name="Guests.jsx" path="/Users/andriimalanchuk/Desktop/HackReactor/airbnb-reservation/src/Components/Guests.jsx">
        <metrics statements="7" coveredstatements="6" conditionals="11" coveredconditionals="6" methods="3" coveredmethods="3"/>
        <line num="6" count="4" type="stmt"/>
        <line num="7" count="4" type="stmt"/>
        <line num="15" count="4" type="stmt"/>
        <line num="16" count="4" type="cond" truecount="4" falsecount="1"/>
        <line num="17" count="0" type="stmt"/>
        <line num="22" count="8" type="stmt"/>
        <line num="23" count="8" type="stmt"/>
      </file>
      <file name="GuestsAdd.jsx" path="/Users/andriimalanchuk/Desktop/HackReactor/airbnb-reservation/src/Components/GuestsAdd.jsx">
        <metrics statements="27" coveredstatements="27" conditionals="0" coveredconditionals="0" methods="8" coveredmethods="8"/>
        <line num="6" count="9" type="stmt"/>
        <line num="7" count="9" type="stmt"/>
        <line num="12" count="9" type="stmt"/>
        <line num="13" count="9" type="stmt"/>
        <line num="14" count="9" type="stmt"/>
        <line num="15" count="9" type="stmt"/>
        <line num="16" count="9" type="stmt"/>
        <line num="17" count="9" type="stmt"/>
        <line num="21" count="1" type="stmt"/>
        <line num="22" count="1" type="stmt"/>
        <line num="23" count="1" type="stmt"/>
        <line num="27" count="1" type="stmt"/>
        <line num="28" count="1" type="stmt"/>
        <line num="29" count="1" type="stmt"/>
        <line num="33" count="1" type="stmt"/>
        <line num="34" count="1" type="stmt"/>
        <line num="35" count="1" type="stmt"/>
        <line num="39" count="1" type="stmt"/>
        <line num="40" count="1" type="stmt"/>
        <line num="41" count="1" type="stmt"/>
        <line num="45" count="1" type="stmt"/>
        <line num="46" count="1" type="stmt"/>
        <line num="47" count="1" type="stmt"/>
        <line num="51" count="1" type="stmt"/>
        <line num="52" count="1" type="stmt"/>
        <line num="53" count="1" type="stmt"/>
        <line num="57" count="15" type="stmt"/>
      </file>
      <file name="Month.jsx" path="/Users/andriimalanchuk/Desktop/HackReactor/airbnb-reservation/src/Components/Month.jsx">
        <metrics statements="2" coveredstatements="2" conditionals="0" coveredconditionals="0" methods="1" coveredmethods="1"/>
        <line num="3" count="2" type="stmt"/>
        <line num="4" count="4" type="stmt"/>
      </file>
      <file name="NightsMessage.jsx" path="/Users/andriimalanchuk/Desktop/HackReactor/airbnb-reservation/src/Components/NightsMessage.jsx">
        <metrics statements="2" coveredstatements="2" conditionals="0" coveredconditionals="0" methods="1" coveredmethods="1"/>
        <line num="4" count="2" type="stmt"/>
        <line num="5" count="1" type="stmt"/>
      </file>
      <file name="Price.jsx" path="/Users/andriimalanchuk/Desktop/HackReactor/airbnb-reservation/src/Components/Price.jsx">
        <metrics statements="2" coveredstatements="2" conditionals="0" coveredconditionals="0" methods="1" coveredmethods="1"/>
        <line num="4" count="1" type="stmt"/>
        <line num="6" count="8" type="stmt"/>
      </file>
      <file name="ServiceFees.jsx" path="/Users/andriimalanchuk/Desktop/HackReactor/airbnb-reservation/src/Components/ServiceFees.jsx">
        <metrics statements="2" coveredstatements="2" conditionals="0" coveredconditionals="0" methods="1" coveredmethods="1"/>
        <line num="4" count="2" type="stmt"/>
        <line num="5" count="1" type="stmt"/>
      </file>
      <file name="TotalPrice.jsx" path="/Users/andriimalanchuk/Desktop/HackReactor/airbnb-reservation/src/Components/TotalPrice.jsx">
        <metrics statements="14" coveredstatements="13" conditionals="14" coveredconditionals="13" methods="6" coveredmethods="6"/>
        <line num="8" count="3" type="stmt"/>
        <line num="9" count="3" type="stmt"/>
        <line num="17" count="3" type="stmt"/>
        <line num="18" count="3" type="stmt"/>
        <line num="19" count="3" type="stmt"/>
        <line num="23" count="4" type="cond" truecount="5" falsecount="1"/>
        <line num="27" count="0" type="stmt"/>
        <line num="35" count="10" type="stmt"/>
        <line num="39" count="2" type="cond" truecount="2" falsecount="0"/>
        <line num="45" count="2" type="cond" truecount="2" falsecount="0"/>
        <line num="51" count="7" type="stmt"/>
        <line num="52" count="7" type="stmt"/>
        <line num="53" count="7" type="stmt"/>
        <line num="54" count="7" type="stmt"/>
      </file>
      <file name="Year.jsx" path="/Users/andriimalanchuk/Desktop/HackReactor/airbnb-reservation/src/Components/Year.jsx">
        <metrics statements="2" coveredstatements="2" conditionals="0" coveredconditionals="0" methods="1" coveredmethods="1"/>
        <line num="3" count="2" type="stmt"/>
        <line num="5" count="4" type="stmt"/>
      </file>
    </package>
    <package name="Components.styles">
      <metrics statements="37" coveredstatements="37" conditionals="0" coveredconditionals="0" methods="0" coveredmethods="0"/>
      <file name="App.js" path="/Users/andriimalanchuk/Desktop/HackReactor/airbnb-reservation/src/Components/styles/App.js">
        <metrics statements="2" coveredstatements="2" conditionals="0" coveredconditionals="0" methods="0" coveredmethods="0"/>
        <line num="3" count="1" type="stmt"/>
        <line num="17" count="1" type="stmt"/>
      </file>
      <file name="Calendar.js" path="/Users/andriimalanchuk/Desktop/HackReactor/airbnb-reservation/src/Components/styles/Calendar.js">
        <metrics statements="9" coveredstatements="9" conditionals="0" coveredconditionals="0" methods="0" coveredmethods="0"/>
        <line num="3" count="2" type="stmt"/>
        <line num="11" count="2" type="stmt"/>
        <line num="17" count="2" type="stmt"/>
        <line num="23" count="2" type="stmt"/>
        <line num="36" count="2" type="stmt"/>
        <line num="42" count="2" type="stmt"/>
        <line num="46" count="2" type="stmt"/>
        <line num="51" count="2" type="stmt"/>
        <line num="55" count="2" type="stmt"/>
      </file>
      <file name="Form.js" path="/Users/andriimalanchuk/Desktop/HackReactor/airbnb-reservation/src/Components/styles/Form.js">
        <metrics statements="4" coveredstatements="4" conditionals="0" coveredconditionals="0" methods="0" coveredmethods="0"/>
        <line num="3" count="1" type="stmt"/>
        <line num="8" count="1" type="stmt"/>
        <line num="16" count="1" type="stmt"/>
        <line num="31" count="1" type="stmt"/>
      </file>
      <file name="Guests.js" path="/Users/andriimalanchuk/Desktop/HackReactor/airbnb-reservation/src/Components/styles/Guests.js">
        <metrics statements="4" coveredstatements="4" conditionals="0" coveredconditionals="0" methods="0" coveredmethods="0"/>
        <line num="3" count="1" type="stmt"/>
        <line num="8" count="1" type="stmt"/>
        <line num="22" count="1" type="stmt"/>
        <line num="25" count="1" type="stmt"/>
      </file>
      <file name="GuestsAdd.js" path="/Users/andriimalanchuk/Desktop/HackReactor/airbnb-reservation/src/Components/styles/GuestsAdd.js">
        <metrics statements="6" coveredstatements="6" conditionals="0" coveredconditionals="0" methods="0" coveredmethods="0"/>
        <line num="3" count="2" type="stmt"/>
        <line num="15" count="2" type="stmt"/>
        <line num="23" count="2" type="stmt"/>
        <line num="28" count="2" type="stmt"/>
        <line num="37" count="2" type="stmt"/>
        <line num="46" count="2" type="stmt"/>
      </file>
      <file name="NightsMessage.js" path="/Users/andriimalanchuk/Desktop/HackReactor/airbnb-reservation/src/Components/styles/NightsMessage.js">
        <metrics statements="2" coveredstatements="2" conditionals="0" coveredconditionals="0" methods="0" coveredmethods="0"/>
        <line num="3" count="2" type="stmt"/>
        <line num="11" count="2" type="stmt"/>
      </file>
      <file name="Price.js" path="/Users/andriimalanchuk/Desktop/HackReactor/airbnb-reservation/src/Components/styles/Price.js">
        <metrics statements="3" coveredstatements="3" conditionals="0" coveredconditionals="0" methods="0" coveredmethods="0"/>
        <line num="3" count="1" type="stmt"/>
        <line num="8" count="1" type="stmt"/>
        <line num="16" count="1" type="stmt"/>
      </file>
      <file name="ServiceFees.js" path="/Users/andriimalanchuk/Desktop/HackReactor/airbnb-reservation/src/Components/styles/ServiceFees.js">
        <metrics statements="2" coveredstatements="2" conditionals="0" coveredconditionals="0" methods="0" coveredmethods="0"/>
        <line num="3" count="2" type="stmt"/>
        <line num="12" count="2" type="stmt"/>
      </file>
      <file name="TotalPrice.js" path="/Users/andriimalanchuk/Desktop/HackReactor/airbnb-reservation/src/Components/styles/TotalPrice.js">
        <metrics statements="5" coveredstatements="5" conditionals="0" coveredconditionals="0" methods="0" coveredmethods="0"/>
        <line num="3" count="2" type="stmt"/>
        <line num="10" count="2" type="stmt"/>
        <line num="18" count="2" type="stmt"/>
        <line num="27" count="2" type="stmt"/>
        <line num="36" count="2" type="stmt"/>
      </file>
    </package>
  </project>
</coverage>
