{"/Users/andriimalanchuk/Desktop/HackReactor/airbnb-reservation/src/Components/App.jsx": {"path":"/Users/andriimalanchuk/Desktop/HackReactor/airbnb-reservation/src/Components/App.jsx","statementMap":{"0":{"start":{"line":13,"column":8},"end":{"line":13,"column":20}},"1":{"start":{"line":14,"column":8},"end":{"line":30,"column":9}},"2":{"start":{"line":31,"column":8},"end":{"line":31,"column":53}},"3":{"start":{"line":32,"column":8},"end":{"line":32,"column":63}},"4":{"start":{"line":33,"column":8},"end":{"line":33,"column":71}},"5":{"start":{"line":34,"column":8},"end":{"line":34,"column":67}},"6":{"start":{"line":35,"column":8},"end":{"line":35,"column":71}},"7":{"start":{"line":36,"column":8},"end":{"line":36,"column":69}},"8":{"start":{"line":37,"column":8},"end":{"line":37,"column":77}},"9":{"start":{"line":38,"column":8},"end":{"line":38,"column":61}},"10":{"start":{"line":42,"column":8},"end":{"line":42,"column":26}},"11":{"start":{"line":46,"column":8},"end":{"line":46,"column":40}},"12":{"start":{"line":50,"column":8},"end":{"line":50,"column":42}},"13":{"start":{"line":54,"column":8},"end":{"line":54,"column":41}},"14":{"start":{"line":58,"column":8},"end":{"line":64,"column":9}},"15":{"start":{"line":59,"column":12},"end":{"line":59,"column":44}},"16":{"start":{"line":60,"column":15},"end":{"line":64,"column":9}},"17":{"start":{"line":62,"column":12},"end":{"line":62,"column":42}},"18":{"start":{"line":68,"column":8},"end":{"line":68,"column":36}},"19":{"start":{"line":69,"column":21},"end":{"line":70,"column":59}},"20":{"start":{"line":71,"column":8},"end":{"line":71,"column":42}},"21":{"start":{"line":72,"column":8},"end":{"line":72,"column":51}},"22":{"start":{"line":76,"column":25},"end":{"line":76,"column":49}},"23":{"start":{"line":77,"column":18},"end":{"line":77,"column":20}},"24":{"start":{"line":78,"column":8},"end":{"line":84,"column":9}},"25":{"start":{"line":79,"column":12},"end":{"line":79,"column":30}},"26":{"start":{"line":81,"column":24},"end":{"line":81,"column":43}},"27":{"start":{"line":82,"column":23},"end":{"line":82,"column":42}},"28":{"start":{"line":83,"column":12},"end":{"line":83,"column":34}},"29":{"start":{"line":85,"column":23},"end":{"line":85,"column":37}},"30":{"start":{"line":86,"column":17},"end":{"line":86,"column":54}},"31":{"start":{"line":87,"column":8},"end":{"line":103,"column":10}},"32":{"start":{"line":91,"column":16},"end":{"line":98,"column":18}},"33":{"start":{"line":101,"column":16},"end":{"line":101,"column":37}},"34":{"start":{"line":107,"column":8},"end":{"line":109,"column":47}},"35":{"start":{"line":113,"column":8},"end":{"line":115,"column":51}},"36":{"start":{"line":119,"column":8},"end":{"line":119,"column":40}},"37":{"start":{"line":124,"column":88},"end":{"line":124,"column":98}},"38":{"start":{"line":125,"column":8},"end":{"line":154,"column":9}},"39":{"start":{"line":136,"column":50},"end":{"line":136,"column":73}}},"fnMap":{"0":{"name":"(anonymous_0)","decl":{"start":{"line":12,"column":4},"end":{"line":12,"column":5}},"loc":{"start":{"line":12,"column":23},"end":{"line":39,"column":5}},"line":12},"1":{"name":"(anonymous_1)","decl":{"start":{"line":41,"column":4},"end":{"line":41,"column":5}},"loc":{"start":{"line":41,"column":24},"end":{"line":43,"column":5}},"line":41},"2":{"name":"(anonymous_2)","decl":{"start":{"line":45,"column":4},"end":{"line":45,"column":5}},"loc":{"start":{"line":45,"column":29},"end":{"line":47,"column":5}},"line":45},"3":{"name":"(anonymous_3)","decl":{"start":{"line":49,"column":4},"end":{"line":49,"column":5}},"loc":{"start":{"line":49,"column":31},"end":{"line":51,"column":5}},"line":49},"4":{"name":"(anonymous_4)","decl":{"start":{"line":53,"column":4},"end":{"line":53,"column":5}},"loc":{"start":{"line":53,"column":30},"end":{"line":55,"column":5}},"line":53},"5":{"name":"(anonymous_5)","decl":{"start":{"line":57,"column":4},"end":{"line":57,"column":5}},"loc":{"start":{"line":57,"column":23},"end":{"line":65,"column":5}},"line":57},"6":{"name":"(anonymous_6)","decl":{"start":{"line":67,"column":4},"end":{"line":67,"column":5}},"loc":{"start":{"line":67,"column":40},"end":{"line":73,"column":5}},"line":67},"7":{"name":"(anonymous_7)","decl":{"start":{"line":75,"column":4},"end":{"line":75,"column":5}},"loc":{"start":{"line":75,"column":17},"end":{"line":104,"column":5}},"line":75},"8":{"name":"(anonymous_8)","decl":{"start":{"line":90,"column":21},"end":{"line":90,"column":22}},"loc":{"start":{"line":90,"column":31},"end":{"line":99,"column":13}},"line":90},"9":{"name":"(anonymous_9)","decl":{"start":{"line":100,"column":19},"end":{"line":100,"column":20}},"loc":{"start":{"line":100,"column":32},"end":{"line":102,"column":13}},"line":100},"10":{"name":"(anonymous_10)","decl":{"start":{"line":106,"column":4},"end":{"line":106,"column":5}},"loc":{"start":{"line":106,"column":22},"end":{"line":110,"column":5}},"line":106},"11":{"name":"(anonymous_11)","decl":{"start":{"line":112,"column":4},"end":{"line":112,"column":5}},"loc":{"start":{"line":112,"column":26},"end":{"line":116,"column":5}},"line":112},"12":{"name":"(anonymous_12)","decl":{"start":{"line":118,"column":4},"end":{"line":118,"column":5}},"loc":{"start":{"line":118,"column":37},"end":{"line":120,"column":5}},"line":118},"13":{"name":"(anonymous_13)","decl":{"start":{"line":122,"column":4},"end":{"line":122,"column":5}},"loc":{"start":{"line":122,"column":13},"end":{"line":155,"column":5}},"line":122},"14":{"name":"(anonymous_14)","decl":{"start":{"line":136,"column":36},"end":{"line":136,"column":37}},"loc":{"start":{"line":136,"column":48},"end":{"line":136,"column":75}},"line":136}},"branchMap":{"0":{"loc":{"start":{"line":58,"column":8},"end":{"line":64,"column":9}},"type":"if","locations":[{"start":{"line":58,"column":8},"end":{"line":64,"column":9}},{"start":{"line":58,"column":8},"end":{"line":64,"column":9}}],"line":58},"1":{"loc":{"start":{"line":60,"column":15},"end":{"line":64,"column":9}},"type":"if","locations":[{"start":{"line":60,"column":15},"end":{"line":64,"column":9}},{"start":{"line":60,"column":15},"end":{"line":64,"column":9}}],"line":60},"2":{"loc":{"start":{"line":60,"column":19},"end":{"line":61,"column":38}},"type":"binary-expr","locations":[{"start":{"line":60,"column":19},"end":{"line":60,"column":44}},{"start":{"line":61,"column":15},"end":{"line":61,"column":38}}],"line":60},"3":{"loc":{"start":{"line":78,"column":8},"end":{"line":84,"column":9}},"type":"if","locations":[{"start":{"line":78,"column":8},"end":{"line":84,"column":9}},{"start":{"line":78,"column":8},"end":{"line":84,"column":9}}],"line":78},"4":{"loc":{"start":{"line":107,"column":8},"end":{"line":109,"column":47}},"type":"cond-expr","locations":[{"start":{"line":108,"column":12},"end":{"line":108,"column":46}},{"start":{"line":109,"column":12},"end":{"line":109,"column":47}}],"line":107},"5":{"loc":{"start":{"line":113,"column":8},"end":{"line":115,"column":51}},"type":"cond-expr","locations":[{"start":{"line":114,"column":12},"end":{"line":114,"column":50}},{"start":{"line":115,"column":12},"end":{"line":115,"column":51}}],"line":113},"6":{"loc":{"start":{"line":133,"column":17},"end":{"line":136,"column":101}},"type":"cond-expr","locations":[{"start":{"line":134,"column":20},"end":{"line":136,"column":87}},{"start":{"line":136,"column":90},"end":{"line":136,"column":101}}],"line":133},"7":{"loc":{"start":{"line":141,"column":17},"end":{"line":144,"column":79}},"type":"cond-expr","locations":[{"start":{"line":142,"column":20},"end":{"line":144,"column":65}},{"start":{"line":144,"column":68},"end":{"line":144,"column":79}}],"line":141},"8":{"loc":{"start":{"line":145,"column":17},"end":{"line":151,"column":31}},"type":"cond-expr","locations":[{"start":{"line":146,"column":20},"end":{"line":150,"column":39}},{"start":{"line":151,"column":20},"end":{"line":151,"column":31}}],"line":145}},"s":{"0":12,"1":12,"2":12,"3":12,"4":12,"5":12,"6":12,"7":12,"8":12,"9":12,"10":13,"11":0,"12":0,"13":0,"14":0,"15":0,"16":0,"17":0,"18":0,"19":0,"20":0,"21":0,"22":13,"23":13,"24":13,"25":13,"26":0,"27":0,"28":0,"29":13,"30":13,"31":13,"32":0,"33":0,"34":2,"35":2,"36":32,"37":16,"38":16,"39":0},"f":{"0":12,"1":13,"2":0,"3":0,"4":0,"5":0,"6":0,"7":13,"8":0,"9":0,"10":2,"11":2,"12":32,"13":16,"14":0},"b":{"0":[0,0],"1":[0,0],"2":[0,0],"3":[13,0],"4":[1,1],"5":[1,1],"6":[1,15],"7":[1,15],"8":[0,16]},"_coverageSchema":"43e27e138ebf9cfc5966b082cf9a028302ed4184","hash":"86bd57cfc52405cf328a8359153bdb62ee5b819a"}
,"/Users/andriimalanchuk/Desktop/HackReactor/airbnb-reservation/src/Components/Calendar.jsx": {"path":"/Users/andriimalanchuk/Desktop/HackReactor/airbnb-reservation/src/Components/Calendar.jsx","statementMap":{"0":{"start":{"line":11,"column":8},"end":{"line":11,"column":20}},"1":{"start":{"line":12,"column":8},"end":{"line":21,"column":9}},"2":{"start":{"line":22,"column":8},"end":{"line":22,"column":49}},"3":{"start":{"line":23,"column":8},"end":{"line":23,"column":53}},"4":{"start":{"line":24,"column":8},"end":{"line":24,"column":55}},"5":{"start":{"line":25,"column":8},"end":{"line":25,"column":47}},"6":{"start":{"line":26,"column":8},"end":{"line":26,"column":41}},"7":{"start":{"line":27,"column":8},"end":{"line":27,"column":43}},"8":{"start":{"line":28,"column":8},"end":{"line":28,"column":55}},"9":{"start":{"line":29,"column":8},"end":{"line":29,"column":61}},"10":{"start":{"line":30,"column":8},"end":{"line":30,"column":51}},"11":{"start":{"line":31,"column":8},"end":{"line":31,"column":49}},"12":{"start":{"line":32,"column":8},"end":{"line":32,"column":69}},"13":{"start":{"line":36,"column":8},"end":{"line":47,"column":10}},"14":{"start":{"line":40,"column":38},"end":{"line":40,"column":40}},"15":{"start":{"line":41,"column":16},"end":{"line":44,"column":18}},"16":{"start":{"line":42,"column":31},"end":{"line":42,"column":84}},"17":{"start":{"line":43,"column":20},"end":{"line":43,"column":67}},"18":{"start":{"line":45,"column":16},"end":{"line":45,"column":66}},"19":{"start":{"line":51,"column":23},"end":{"line":58,"column":10}},"20":{"start":{"line":52,"column":23},"end":{"line":52,"column":46}},"21":{"start":{"line":53,"column":23},"end":{"line":53,"column":39}},"22":{"start":{"line":54,"column":24},"end":{"line":54,"column":43}},"23":{"start":{"line":55,"column":12},"end":{"line":57,"column":13}},"24":{"start":{"line":56,"column":16},"end":{"line":56,"column":25}},"25":{"start":{"line":59,"column":8},"end":{"line":62,"column":10}},"26":{"start":{"line":60,"column":31},"end":{"line":60,"column":43}},"27":{"start":{"line":61,"column":12},"end":{"line":61,"column":57}},"28":{"start":{"line":66,"column":24},"end":{"line":66,"column":26}},"29":{"start":{"line":67,"column":26},"end":{"line":67,"column":43}},"30":{"start":{"line":68,"column":23},"end":{"line":68,"column":39}},"31":{"start":{"line":69,"column":8},"end":{"line":72,"column":9}},"32":{"start":{"line":70,"column":12},"end":{"line":70,"column":68}},"33":{"start":{"line":71,"column":12},"end":{"line":71,"column":61}},"34":{"start":{"line":73,"column":8},"end":{"line":73,"column":25}},"35":{"start":{"line":77,"column":19},"end":{"line":77,"column":34}},"36":{"start":{"line":78,"column":23},"end":{"line":78,"column":64}},"37":{"start":{"line":79,"column":8},"end":{"line":79,"column":24}},"38":{"start":{"line":83,"column":8},"end":{"line":83,"column":43}},"39":{"start":{"line":87,"column":8},"end":{"line":87,"column":43}},"40":{"start":{"line":91,"column":8},"end":{"line":91,"column":46}},"41":{"start":{"line":95,"column":8},"end":{"line":95,"column":43}},"42":{"start":{"line":99,"column":8},"end":{"line":99,"column":45}},"43":{"start":{"line":103,"column":19},"end":{"line":103,"column":53}},"44":{"start":{"line":104,"column":8},"end":{"line":104,"column":44}},"45":{"start":{"line":105,"column":8},"end":{"line":105,"column":37}},"46":{"start":{"line":109,"column":19},"end":{"line":109,"column":53}},"47":{"start":{"line":110,"column":8},"end":{"line":110,"column":49}},"48":{"start":{"line":111,"column":8},"end":{"line":111,"column":37}},"49":{"start":{"line":115,"column":29},"end":{"line":115,"column":51}},"50":{"start":{"line":116,"column":8},"end":{"line":122,"column":11}},"51":{"start":{"line":117,"column":12},"end":{"line":121,"column":14}},"52":{"start":{"line":125,"column":20},"end":{"line":125,"column":22}},"53":{"start":{"line":127,"column":8},"end":{"line":132,"column":9}},"54":{"start":{"line":127,"column":21},"end":{"line":127,"column":22}},"55":{"start":{"line":129,"column":12},"end":{"line":131,"column":18}},"56":{"start":{"line":133,"column":8},"end":{"line":133,"column":21}},"57":{"start":{"line":137,"column":8},"end":{"line":137,"column":46}},"58":{"start":{"line":138,"column":8},"end":{"line":138,"column":61}},"59":{"start":{"line":139,"column":8},"end":{"line":139,"column":63}},"60":{"start":{"line":143,"column":19},"end":{"line":143,"column":21}},"61":{"start":{"line":144,"column":23},"end":{"line":144,"column":72}},"62":{"start":{"line":146,"column":8},"end":{"line":160,"column":9}},"63":{"start":{"line":146,"column":21},"end":{"line":146,"column":22}},"64":{"start":{"line":147,"column":12},"end":{"line":154,"column":13}},"65":{"start":{"line":148,"column":16},"end":{"line":148,"column":39}},"66":{"start":{"line":149,"column":33},"end":{"line":150,"column":38}},"67":{"start":{"line":152,"column":33},"end":{"line":153,"column":38}},"68":{"start":{"line":155,"column":12},"end":{"line":159,"column":13}},"69":{"start":{"line":157,"column":46},"end":{"line":157,"column":69}},"70":{"start":{"line":157,"column":70},"end":{"line":157,"column":91}},"71":{"start":{"line":161,"column":8},"end":{"line":161,"column":20}},"72":{"start":{"line":165,"column":20},"end":{"line":165,"column":73}},"73":{"start":{"line":166,"column":19},"end":{"line":166,"column":21}},"74":{"start":{"line":167,"column":20},"end":{"line":167,"column":22}},"75":{"start":{"line":169,"column":8},"end":{"line":182,"column":11}},"76":{"start":{"line":170,"column":12},"end":{"line":177,"column":13}},"77":{"start":{"line":171,"column":16},"end":{"line":171,"column":31}},"78":{"start":{"line":173,"column":35},"end":{"line":173,"column":48}},"79":{"start":{"line":174,"column":16},"end":{"line":174,"column":40}},"80":{"start":{"line":175,"column":16},"end":{"line":175,"column":27}},"81":{"start":{"line":176,"column":16},"end":{"line":176,"column":32}},"82":{"start":{"line":178,"column":12},"end":{"line":181,"column":13}},"83":{"start":{"line":179,"column":35},"end":{"line":179,"column":48}},"84":{"start":{"line":180,"column":16},"end":{"line":180,"column":40}},"85":{"start":{"line":183,"column":8},"end":{"line":189,"column":11}},"86":{"start":{"line":184,"column":12},"end":{"line":188,"column":14}},"87":{"start":{"line":193,"column":8},"end":{"line":211,"column":10}},"88":{"start":{"line":197,"column":56},"end":{"line":197,"column":77}},"89":{"start":{"line":200,"column":56},"end":{"line":200,"column":72}}},"fnMap":{"0":{"name":"(anonymous_0)","decl":{"start":{"line":10,"column":4},"end":{"line":10,"column":5}},"loc":{"start":{"line":10,"column":23},"end":{"line":33,"column":5}},"line":10},"1":{"name":"(anonymous_1)","decl":{"start":{"line":35,"column":4},"end":{"line":35,"column":5}},"loc":{"start":{"line":35,"column":24},"end":{"line":48,"column":5}},"line":35},"2":{"name":"(anonymous_2)","decl":{"start":{"line":39,"column":21},"end":{"line":39,"column":22}},"loc":{"start":{"line":39,"column":31},"end":{"line":46,"column":13}},"line":39},"3":{"name":"(anonymous_3)","decl":{"start":{"line":41,"column":29},"end":{"line":41,"column":30}},"loc":{"start":{"line":41,"column":34},"end":{"line":44,"column":17}},"line":41},"4":{"name":"(anonymous_4)","decl":{"start":{"line":50,"column":4},"end":{"line":50,"column":5}},"loc":{"start":{"line":50,"column":37},"end":{"line":63,"column":5}},"line":50},"5":{"name":"(anonymous_5)","decl":{"start":{"line":51,"column":43},"end":{"line":51,"column":44}},"loc":{"start":{"line":51,"column":48},"end":{"line":58,"column":9}},"line":51},"6":{"name":"(anonymous_6)","decl":{"start":{"line":59,"column":28},"end":{"line":59,"column":29}},"loc":{"start":{"line":59,"column":33},"end":{"line":62,"column":9}},"line":59},"7":{"name":"(anonymous_7)","decl":{"start":{"line":65,"column":4},"end":{"line":65,"column":5}},"loc":{"start":{"line":65,"column":34},"end":{"line":74,"column":5}},"line":65},"8":{"name":"(anonymous_8)","decl":{"start":{"line":76,"column":4},"end":{"line":76,"column":5}},"loc":{"start":{"line":76,"column":15},"end":{"line":80,"column":5}},"line":76},"9":{"name":"(anonymous_9)","decl":{"start":{"line":82,"column":4},"end":{"line":82,"column":5}},"loc":{"start":{"line":82,"column":17},"end":{"line":84,"column":5}},"line":82},"10":{"name":"(anonymous_10)","decl":{"start":{"line":86,"column":4},"end":{"line":86,"column":5}},"loc":{"start":{"line":86,"column":11},"end":{"line":88,"column":5}},"line":86},"11":{"name":"(anonymous_11)","decl":{"start":{"line":90,"column":4},"end":{"line":90,"column":5}},"loc":{"start":{"line":90,"column":12},"end":{"line":92,"column":5}},"line":90},"12":{"name":"(anonymous_12)","decl":{"start":{"line":94,"column":4},"end":{"line":94,"column":5}},"loc":{"start":{"line":94,"column":18},"end":{"line":96,"column":5}},"line":94},"13":{"name":"(anonymous_13)","decl":{"start":{"line":98,"column":4},"end":{"line":98,"column":5}},"loc":{"start":{"line":98,"column":18},"end":{"line":100,"column":5}},"line":98},"14":{"name":"(anonymous_14)","decl":{"start":{"line":102,"column":4},"end":{"line":102,"column":5}},"loc":{"start":{"line":102,"column":16},"end":{"line":106,"column":5}},"line":102},"15":{"name":"(anonymous_15)","decl":{"start":{"line":108,"column":4},"end":{"line":108,"column":5}},"loc":{"start":{"line":108,"column":21},"end":{"line":112,"column":5}},"line":108},"16":{"name":"(anonymous_16)","decl":{"start":{"line":114,"column":4},"end":{"line":114,"column":5}},"loc":{"start":{"line":114,"column":14},"end":{"line":123,"column":5}},"line":114},"17":{"name":"(anonymous_17)","decl":{"start":{"line":116,"column":32},"end":{"line":116,"column":33}},"loc":{"start":{"line":116,"column":39},"end":{"line":122,"column":9}},"line":116},"18":{"name":"(anonymous_18)","decl":{"start":{"line":124,"column":4},"end":{"line":124,"column":5}},"loc":{"start":{"line":124,"column":18},"end":{"line":134,"column":5}},"line":124},"19":{"name":"(anonymous_19)","decl":{"start":{"line":136,"column":4},"end":{"line":136,"column":5}},"loc":{"start":{"line":136,"column":23},"end":{"line":140,"column":5}},"line":136},"20":{"name":"(anonymous_20)","decl":{"start":{"line":142,"column":4},"end":{"line":142,"column":5}},"loc":{"start":{"line":142,"column":21},"end":{"line":162,"column":5}},"line":142},"21":{"name":"(anonymous_21)","decl":{"start":{"line":157,"column":37},"end":{"line":157,"column":38}},"loc":{"start":{"line":157,"column":44},"end":{"line":157,"column":93}},"line":157},"22":{"name":"(anonymous_22)","decl":{"start":{"line":164,"column":4},"end":{"line":164,"column":5}},"loc":{"start":{"line":164,"column":16},"end":{"line":190,"column":5}},"line":164},"23":{"name":"(anonymous_23)","decl":{"start":{"line":169,"column":22},"end":{"line":169,"column":23}},"loc":{"start":{"line":169,"column":38},"end":{"line":182,"column":9}},"line":169},"24":{"name":"(anonymous_24)","decl":{"start":{"line":183,"column":24},"end":{"line":183,"column":25}},"loc":{"start":{"line":183,"column":34},"end":{"line":189,"column":9}},"line":183},"25":{"name":"(anonymous_25)","decl":{"start":{"line":192,"column":4},"end":{"line":192,"column":5}},"loc":{"start":{"line":192,"column":13},"end":{"line":212,"column":5}},"line":192},"26":{"name":"(anonymous_26)","decl":{"start":{"line":197,"column":49},"end":{"line":197,"column":50}},"loc":{"start":{"line":197,"column":54},"end":{"line":197,"column":79}},"line":197},"27":{"name":"(anonymous_27)","decl":{"start":{"line":200,"column":49},"end":{"line":200,"column":50}},"loc":{"start":{"line":200,"column":54},"end":{"line":200,"column":74}},"line":200}},"branchMap":{"0":{"loc":{"start":{"line":55,"column":12},"end":{"line":57,"column":13}},"type":"if","locations":[{"start":{"line":55,"column":12},"end":{"line":57,"column":13}},{"start":{"line":55,"column":12},"end":{"line":57,"column":13}}],"line":55},"1":{"loc":{"start":{"line":55,"column":16},"end":{"line":55,"column":62}},"type":"binary-expr","locations":[{"start":{"line":55,"column":16},"end":{"line":55,"column":38}},{"start":{"line":55,"column":42},"end":{"line":55,"column":62}}],"line":55},"2":{"loc":{"start":{"line":139,"column":8},"end":{"line":139,"column":62}},"type":"binary-expr","locations":[{"start":{"line":139,"column":8},"end":{"line":139,"column":29}},{"start":{"line":139,"column":33},"end":{"line":139,"column":62}}],"line":139},"3":{"loc":{"start":{"line":147,"column":12},"end":{"line":154,"column":13}},"type":"if","locations":[{"start":{"line":147,"column":12},"end":{"line":154,"column":13}},{"start":{"line":147,"column":12},"end":{"line":154,"column":13}}],"line":147},"4":{"loc":{"start":{"line":149,"column":33},"end":{"line":150,"column":38}},"type":"cond-expr","locations":[{"start":{"line":150,"column":20},"end":{"line":150,"column":30}},{"start":{"line":150,"column":33},"end":{"line":150,"column":38}}],"line":149},"5":{"loc":{"start":{"line":152,"column":33},"end":{"line":153,"column":38}},"type":"cond-expr","locations":[{"start":{"line":153,"column":20},"end":{"line":153,"column":30}},{"start":{"line":153,"column":33},"end":{"line":153,"column":38}}],"line":152},"6":{"loc":{"start":{"line":170,"column":12},"end":{"line":177,"column":13}},"type":"if","locations":[{"start":{"line":170,"column":12},"end":{"line":177,"column":13}},{"start":{"line":170,"column":12},"end":{"line":177,"column":13}}],"line":170},"7":{"loc":{"start":{"line":178,"column":12},"end":{"line":181,"column":13}},"type":"if","locations":[{"start":{"line":178,"column":12},"end":{"line":181,"column":13}},{"start":{"line":178,"column":12},"end":{"line":181,"column":13}}],"line":178}},"s":{"0":4,"1":4,"2":4,"3":4,"4":4,"5":4,"6":4,"7":4,"8":4,"9":4,"10":4,"11":4,"12":4,"13":4,"14":0,"15":0,"16":0,"17":0,"18":0,"19":4,"20":0,"21":0,"22":0,"23":0,"24":0,"25":4,"26":0,"27":0,"28":0,"29":0,"30":0,"31":0,"32":0,"33":0,"34":0,"35":4,"36":4,"37":4,"38":0,"39":4,"40":4,"41":0,"42":128,"43":0,"44":0,"45":0,"46":0,"47":0,"48":0,"49":4,"50":4,"51":28,"52":4,"53":4,"54":4,"55":0,"56":4,"57":0,"58":0,"59":0,"60":4,"61":4,"62":4,"63":4,"64":124,"65":36,"66":36,"67":88,"68":124,"69":0,"70":0,"71":4,"72":4,"73":4,"74":4,"75":4,"76":124,"77":104,"78":20,"79":20,"80":20,"81":20,"82":124,"83":4,"84":4,"85":4,"86":24,"87":4,"88":0,"89":0},"f":{"0":4,"1":4,"2":0,"3":0,"4":4,"5":0,"6":0,"7":0,"8":4,"9":0,"10":4,"11":4,"12":0,"13":128,"14":0,"15":0,"16":4,"17":28,"18":4,"19":0,"20":4,"21":0,"22":4,"23":124,"24":24,"25":4,"26":0,"27":0},"b":{"0":[0,0],"1":[0,0],"2":[0,0],"3":[36,88],"4":[0,36],"5":[0,88],"6":[104,20],"7":[4,120]},"_coverageSchema":"43e27e138ebf9cfc5966b082cf9a028302ed4184","hash":"6a7531c7b774cd5d1ae4db432721cff022d97cc4"}
,"/Users/andriimalanchuk/Desktop/HackReactor/airbnb-reservation/src/Components/Form.jsx": {"path":"/Users/andriimalanchuk/Desktop/HackReactor/airbnb-reservation/src/Components/Form.jsx","statementMap":{"0":{"start":{"line":6,"column":8},"end":{"line":6,"column":20}},"1":{"start":{"line":7,"column":8},"end":{"line":12,"column":9}},"2":{"start":{"line":16,"column":8},"end":{"line":24,"column":9}},"3":{"start":{"line":18,"column":12},"end":{"line":21,"column":45}},"4":{"start":{"line":29,"column":8},"end":{"line":38,"column":9}}},"fnMap":{"0":{"name":"(anonymous_0)","decl":{"start":{"line":5,"column":4},"end":{"line":5,"column":5}},"loc":{"start":{"line":5,"column":23},"end":{"line":13,"column":5}},"line":5},"1":{"name":"(anonymous_1)","decl":{"start":{"line":15,"column":4},"end":{"line":15,"column":5}},"loc":{"start":{"line":15,"column":25},"end":{"line":25,"column":5}},"line":15},"2":{"name":"(anonymous_2)","decl":{"start":{"line":27,"column":4},"end":{"line":27,"column":5}},"loc":{"start":{"line":27,"column":13},"end":{"line":39,"column":5}},"line":27}},"branchMap":{"0":{"loc":{"start":{"line":16,"column":8},"end":{"line":24,"column":9}},"type":"if","locations":[{"start":{"line":16,"column":8},"end":{"line":24,"column":9}},{"start":{"line":16,"column":8},"end":{"line":24,"column":9}}],"line":16},"1":{"loc":{"start":{"line":16,"column":12},"end":{"line":17,"column":85}},"type":"binary-expr","locations":[{"start":{"line":16,"column":13},"end":{"line":16,"column":55}},{"start":{"line":16,"column":59},"end":{"line":16,"column":87}},{"start":{"line":17,"column":9},"end":{"line":17,"column":50}},{"start":{"line":17,"column":54},"end":{"line":17,"column":84}}],"line":16}},"s":{"0":4,"1":4,"2":4,"3":0,"4":8},"f":{"0":4,"1":4,"2":8},"b":{"0":[0,4],"1":[4,4,0,0]},"_coverageSchema":"43e27e138ebf9cfc5966b082cf9a028302ed4184","hash":"b074e86dd89ecb63b2e54b0d59d7654b378e0d2d"}
,"/Users/andriimalanchuk/Desktop/HackReactor/airbnb-reservation/src/Components/Guests.jsx": {"path":"/Users/andriimalanchuk/Desktop/HackReactor/airbnb-reservation/src/Components/Guests.jsx","statementMap":{"0":{"start":{"line":6,"column":8},"end":{"line":6,"column":20}},"1":{"start":{"line":7,"column":8},"end":{"line":11,"column":9}},"2":{"start":{"line":15,"column":44},"end":{"line":15,"column":54}},"3":{"start":{"line":16,"column":8},"end":{"line":18,"column":9}},"4":{"start":{"line":17,"column":12},"end":{"line":17,"column":114}},"5":{"start":{"line":22,"column":46},"end":{"line":22,"column":56}},"6":{"start":{"line":23,"column":8},"end":{"line":32,"column":9}}},"fnMap":{"0":{"name":"(anonymous_0)","decl":{"start":{"line":5,"column":4},"end":{"line":5,"column":5}},"loc":{"start":{"line":5,"column":22},"end":{"line":12,"column":5}},"line":5},"1":{"name":"(anonymous_1)","decl":{"start":{"line":14,"column":4},"end":{"line":14,"column":5}},"loc":{"start":{"line":14,"column":25},"end":{"line":19,"column":5}},"line":14},"2":{"name":"(anonymous_2)","decl":{"start":{"line":21,"column":4},"end":{"line":21,"column":5}},"loc":{"start":{"line":21,"column":13},"end":{"line":33,"column":5}},"line":21}},"branchMap":{"0":{"loc":{"start":{"line":16,"column":8},"end":{"line":18,"column":9}},"type":"if","locations":[{"start":{"line":16,"column":8},"end":{"line":18,"column":9}},{"start":{"line":16,"column":8},"end":{"line":18,"column":9}}],"line":16},"1":{"loc":{"start":{"line":16,"column":12},"end":{"line":16,"column":110}},"type":"binary-expr","locations":[{"start":{"line":16,"column":12},"end":{"line":16,"column":40}},{"start":{"line":16,"column":44},"end":{"line":16,"column":76}},{"start":{"line":16,"column":80},"end":{"line":16,"column":110}}],"line":16},"2":{"loc":{"start":{"line":27,"column":42},"end":{"line":28,"column":28}},"type":"cond-expr","locations":[{"start":{"line":28,"column":10},"end":{"line":28,"column":17}},{"start":{"line":28,"column":20},"end":{"line":28,"column":28}}],"line":27},"3":{"loc":{"start":{"line":28,"column":30},"end":{"line":29,"column":36}},"type":"cond-expr","locations":[{"start":{"line":28,"column":46},"end":{"line":28,"column":48}},{"start":{"line":28,"column":51},"end":{"line":29,"column":36}}],"line":28},"4":{"loc":{"start":{"line":28,"column":67},"end":{"line":29,"column":34}},"type":"cond-expr","locations":[{"start":{"line":29,"column":14},"end":{"line":29,"column":22}},{"start":{"line":29,"column":25},"end":{"line":29,"column":34}}],"line":28}},"s":{"0":4,"1":4,"2":4,"3":4,"4":0,"5":8,"6":8},"f":{"0":4,"1":4,"2":8},"b":{"0":[0,4],"1":[4,4,4],"2":[8,0],"3":[8,0],"4":[0,0]},"_coverageSchema":"43e27e138ebf9cfc5966b082cf9a028302ed4184","hash":"2d65b0254c2e779e2d160fcdf9034c62bee3b41b"}
,"/Users/andriimalanchuk/Desktop/HackReactor/airbnb-reservation/src/Components/GuestsAdd.jsx": {"path":"/Users/andriimalanchuk/Desktop/HackReactor/airbnb-reservation/src/Components/GuestsAdd.jsx","statementMap":{"0":{"start":{"line":6,"column":8},"end":{"line":6,"column":20}},"1":{"start":{"line":7,"column":8},"end":{"line":11,"column":9}},"2":{"start":{"line":12,"column":8},"end":{"line":12,"column":59}},"3":{"start":{"line":13,"column":8},"end":{"line":13,"column":63}},"4":{"start":{"line":14,"column":8},"end":{"line":14,"column":61}},"5":{"start":{"line":15,"column":8},"end":{"line":15,"column":63}},"6":{"start":{"line":16,"column":8},"end":{"line":16,"column":67}},"7":{"start":{"line":17,"column":8},"end":{"line":17,"column":65}},"8":{"start":{"line":21,"column":26},"end":{"line":21,"column":52}},"9":{"start":{"line":22,"column":8},"end":{"line":22,"column":43}},"10":{"start":{"line":23,"column":8},"end":{"line":23,"column":49}},"11":{"start":{"line":27,"column":28},"end":{"line":27,"column":56}},"12":{"start":{"line":28,"column":8},"end":{"line":28,"column":47}},"13":{"start":{"line":29,"column":8},"end":{"line":29,"column":53}},"14":{"start":{"line":33,"column":27},"end":{"line":33,"column":54}},"15":{"start":{"line":34,"column":8},"end":{"line":34,"column":45}},"16":{"start":{"line":35,"column":8},"end":{"line":35,"column":51}},"17":{"start":{"line":39,"column":26},"end":{"line":39,"column":52}},"18":{"start":{"line":40,"column":8},"end":{"line":40,"column":43}},"19":{"start":{"line":41,"column":8},"end":{"line":41,"column":49}},"20":{"start":{"line":45,"column":28},"end":{"line":45,"column":56}},"21":{"start":{"line":46,"column":8},"end":{"line":46,"column":47}},"22":{"start":{"line":47,"column":8},"end":{"line":47,"column":53}},"23":{"start":{"line":51,"column":27},"end":{"line":51,"column":54}},"24":{"start":{"line":52,"column":8},"end":{"line":52,"column":45}},"25":{"start":{"line":53,"column":8},"end":{"line":53,"column":51}},"26":{"start":{"line":57,"column":8},"end":{"line":64,"column":9}}},"fnMap":{"0":{"name":"(anonymous_0)","decl":{"start":{"line":5,"column":4},"end":{"line":5,"column":5}},"loc":{"start":{"line":5,"column":22},"end":{"line":18,"column":5}},"line":5},"1":{"name":"(anonymous_1)","decl":{"start":{"line":20,"column":4},"end":{"line":20,"column":5}},"loc":{"start":{"line":20,"column":20},"end":{"line":24,"column":5}},"line":20},"2":{"name":"(anonymous_2)","decl":{"start":{"line":26,"column":4},"end":{"line":26,"column":5}},"loc":{"start":{"line":26,"column":22},"end":{"line":30,"column":5}},"line":26},"3":{"name":"(anonymous_3)","decl":{"start":{"line":32,"column":4},"end":{"line":32,"column":5}},"loc":{"start":{"line":32,"column":21},"end":{"line":36,"column":5}},"line":32},"4":{"name":"(anonymous_4)","decl":{"start":{"line":38,"column":4},"end":{"line":38,"column":5}},"loc":{"start":{"line":38,"column":22},"end":{"line":42,"column":5}},"line":38},"5":{"name":"(anonymous_5)","decl":{"start":{"line":44,"column":4},"end":{"line":44,"column":5}},"loc":{"start":{"line":44,"column":24},"end":{"line":48,"column":5}},"line":44},"6":{"name":"(anonymous_6)","decl":{"start":{"line":50,"column":4},"end":{"line":50,"column":5}},"loc":{"start":{"line":50,"column":23},"end":{"line":54,"column":5}},"line":50},"7":{"name":"(anonymous_7)","decl":{"start":{"line":56,"column":4},"end":{"line":56,"column":5}},"loc":{"start":{"line":56,"column":12},"end":{"line":65,"column":5}},"line":56}},"branchMap":{},"s":{"0":9,"1":9,"2":9,"3":9,"4":9,"5":9,"6":9,"7":9,"8":1,"9":1,"10":1,"11":1,"12":1,"13":1,"14":1,"15":1,"16":1,"17":1,"18":1,"19":1,"20":1,"21":1,"22":1,"23":1,"24":1,"25":1,"26":15},"f":{"0":9,"1":1,"2":1,"3":1,"4":1,"5":1,"6":1,"7":15},"b":{},"_coverageSchema":"43e27e138ebf9cfc5966b082cf9a028302ed4184","hash":"f47d6e174540b34a0da7740679ce24105938de2e"}
,"/Users/andriimalanchuk/Desktop/HackReactor/airbnb-reservation/src/Components/Month.jsx": {"path":"/Users/andriimalanchuk/Desktop/HackReactor/airbnb-reservation/src/Components/Month.jsx","statementMap":{"0":{"start":{"line":3,"column":12},"end":{"line":9,"column":1}},"1":{"start":{"line":4,"column":4},"end":{"line":8,"column":5}}},"fnMap":{"0":{"name":"(anonymous_0)","decl":{"start":{"line":3,"column":12},"end":{"line":3,"column":13}},"loc":{"start":{"line":3,"column":21},"end":{"line":9,"column":1}},"line":3}},"branchMap":{},"s":{"0":2,"1":4},"f":{"0":4},"b":{},"_coverageSchema":"43e27e138ebf9cfc5966b082cf9a028302ed4184","hash":"47c7f56f4550d013852a3b01407831404af577ca"}
,"/Users/andriimalanchuk/Desktop/HackReactor/airbnb-reservation/src/Components/NightsMessage.jsx": {"path":"/Users/andriimalanchuk/Desktop/HackReactor/airbnb-reservation/src/Components/NightsMessage.jsx","statementMap":{"0":{"start":{"line":4,"column":20},"end":{"line":10,"column":1}},"1":{"start":{"line":5,"column":4},"end":{"line":9,"column":5}}},"fnMap":{"0":{"name":"(anonymous_0)","decl":{"start":{"line":4,"column":20},"end":{"line":4,"column":21}},"loc":{"start":{"line":4,"column":29},"end":{"line":10,"column":1}},"line":4}},"branchMap":{},"s":{"0":2,"1":1},"f":{"0":1},"b":{},"_coverageSchema":"43e27e138ebf9cfc5966b082cf9a028302ed4184","hash":"aedc05e747a07f4b7651039f4c9c13dffa6b63e9"}
,"/Users/andriimalanchuk/Desktop/HackReactor/airbnb-reservation/src/Components/Price.jsx": {"path":"/Users/andriimalanchuk/Desktop/HackReactor/airbnb-reservation/src/Components/Price.jsx","statementMap":{"0":{"start":{"line":4,"column":12},"end":{"line":12,"column":1}},"1":{"start":{"line":6,"column":4},"end":{"line":11,"column":5}}},"fnMap":{"0":{"name":"(anonymous_0)","decl":{"start":{"line":4,"column":12},"end":{"line":4,"column":13}},"loc":{"start":{"line":4,"column":21},"end":{"line":12,"column":1}},"line":4}},"branchMap":{},"s":{"0":1,"1":8},"f":{"0":8},"b":{},"_coverageSchema":"43e27e138ebf9cfc5966b082cf9a028302ed4184","hash":"be0ea621a1b25565c77b4ce241f82183465049db"}
,"/Users/andriimalanchuk/Desktop/HackReactor/airbnb-reservation/src/Components/ServiceFees.jsx": {"path":"/Users/andriimalanchuk/Desktop/HackReactor/airbnb-reservation/src/Components/ServiceFees.jsx","statementMap":{"0":{"start":{"line":4,"column":18},"end":{"line":10,"column":1}},"1":{"start":{"line":5,"column":4},"end":{"line":9,"column":5}}},"fnMap":{"0":{"name":"(anonymous_0)","decl":{"start":{"line":4,"column":18},"end":{"line":4,"column":19}},"loc":{"start":{"line":4,"column":27},"end":{"line":10,"column":1}},"line":4}},"branchMap":{},"s":{"0":2,"1":1},"f":{"0":1},"b":{},"_coverageSchema":"43e27e138ebf9cfc5966b082cf9a028302ed4184","hash":"24ba60a8215785ccb2abae35a285f50c84e8c9ef"}
,"/Users/andriimalanchuk/Desktop/HackReactor/airbnb-reservation/src/Components/TotalPrice.jsx": {"path":"/Users/andriimalanchuk/Desktop/HackReactor/airbnb-reservation/src/Components/TotalPrice.jsx","statementMap":{"0":{"start":{"line":8,"column":8},"end":{"line":8,"column":20}},"1":{"start":{"line":9,"column":8},"end":{"line":16,"column":9}},"2":{"start":{"line":17,"column":8},"end":{"line":17,"column":63}},"3":{"start":{"line":18,"column":8},"end":{"line":18,"column":67}},"4":{"start":{"line":19,"column":8},"end":{"line":19,"column":79}},"5":{"start":{"line":23,"column":8},"end":{"line":31,"column":14}},"6":{"start":{"line":27,"column":16},"end":{"line":30,"column":52}},"7":{"start":{"line":35,"column":8},"end":{"line":35,"column":49}},"8":{"start":{"line":39,"column":8},"end":{"line":41,"column":53}},"9":{"start":{"line":45,"column":8},"end":{"line":47,"column":59}},"10":{"start":{"line":51,"column":18},"end":{"line":51,"column":40}},"11":{"start":{"line":52,"column":30},"end":{"line":52,"column":62}},"12":{"start":{"line":53,"column":57},"end":{"line":53,"column":67}},"13":{"start":{"line":54,"column":8},"end":{"line":63,"column":9}}},"fnMap":{"0":{"name":"(anonymous_0)","decl":{"start":{"line":7,"column":4},"end":{"line":7,"column":5}},"loc":{"start":{"line":7,"column":23},"end":{"line":20,"column":5}},"line":7},"1":{"name":"(anonymous_1)","decl":{"start":{"line":22,"column":4},"end":{"line":22,"column":5}},"loc":{"start":{"line":22,"column":25},"end":{"line":32,"column":5}},"line":22},"2":{"name":"(anonymous_2)","decl":{"start":{"line":34,"column":4},"end":{"line":34,"column":5}},"loc":{"start":{"line":34,"column":22},"end":{"line":36,"column":5}},"line":34},"3":{"name":"(anonymous_3)","decl":{"start":{"line":38,"column":4},"end":{"line":38,"column":5}},"loc":{"start":{"line":38,"column":24},"end":{"line":42,"column":5}},"line":38},"4":{"name":"(anonymous_4)","decl":{"start":{"line":44,"column":4},"end":{"line":44,"column":5}},"loc":{"start":{"line":44,"column":30},"end":{"line":48,"column":5}},"line":44},"5":{"name":"(anonymous_5)","decl":{"start":{"line":50,"column":4},"end":{"line":50,"column":5}},"loc":{"start":{"line":50,"column":13},"end":{"line":64,"column":5}},"line":50}},"branchMap":{"0":{"loc":{"start":{"line":23,"column":8},"end":{"line":31,"column":14}},"type":"if","locations":[{"start":{"line":23,"column":8},"end":{"line":31,"column":14}},{"start":{"line":23,"column":8},"end":{"line":31,"column":14}}],"line":23},"1":{"loc":{"start":{"line":23,"column":12},"end":{"line":26,"column":76}},"type":"binary-expr","locations":[{"start":{"line":23,"column":12},"end":{"line":23,"column":65}},{"start":{"line":24,"column":13},"end":{"line":24,"column":64}},{"start":{"line":25,"column":13},"end":{"line":25,"column":62}},{"start":{"line":26,"column":13},"end":{"line":26,"column":76}}],"line":23},"2":{"loc":{"start":{"line":39,"column":8},"end":{"line":41,"column":52}},"type":"cond-expr","locations":[{"start":{"line":40,"column":8},"end":{"line":40,"column":53}},{"start":{"line":41,"column":8},"end":{"line":41,"column":52}}],"line":39},"3":{"loc":{"start":{"line":45,"column":8},"end":{"line":47,"column":58}},"type":"cond-expr","locations":[{"start":{"line":46,"column":8},"end":{"line":46,"column":59}},{"start":{"line":47,"column":8},"end":{"line":47,"column":58}}],"line":45},"4":{"loc":{"start":{"line":57,"column":13},"end":{"line":57,"column":78}},"type":"cond-expr","locations":[{"start":{"line":57,"column":48},"end":{"line":57,"column":64}},{"start":{"line":57,"column":67},"end":{"line":57,"column":78}}],"line":57},"5":{"loc":{"start":{"line":59,"column":13},"end":{"line":59,"column":82}},"type":"cond-expr","locations":[{"start":{"line":59,"column":54},"end":{"line":59,"column":68}},{"start":{"line":59,"column":71},"end":{"line":59,"column":82}}],"line":59}},"s":{"0":3,"1":3,"2":3,"3":3,"4":3,"5":4,"6":0,"7":10,"8":2,"9":2,"10":7,"11":7,"12":7,"13":7},"f":{"0":3,"1":4,"2":10,"3":2,"4":2,"5":7},"b":{"0":[0,4],"1":[4,4,4,4],"2":[1,1],"3":[1,1],"4":[1,6],"5":[1,6]},"_coverageSchema":"43e27e138ebf9cfc5966b082cf9a028302ed4184","hash":"eb1012d97fb06d7083067912ea9dc21a15030cd6"}
,"/Users/andriimalanchuk/Desktop/HackReactor/airbnb-reservation/src/Components/Year.jsx": {"path":"/Users/andriimalanchuk/Desktop/HackReactor/airbnb-reservation/src/Components/Year.jsx","statementMap":{"0":{"start":{"line":3,"column":11},"end":{"line":8,"column":1}},"1":{"start":{"line":5,"column":4},"end":{"line":7,"column":5}}},"fnMap":{"0":{"name":"(anonymous_0)","decl":{"start":{"line":3,"column":11},"end":{"line":3,"column":12}},"loc":{"start":{"line":3,"column":20},"end":{"line":8,"column":1}},"line":3}},"branchMap":{},"s":{"0":2,"1":4},"f":{"0":4},"b":{},"_coverageSchema":"43e27e138ebf9cfc5966b082cf9a028302ed4184","hash":"c60c5f818b88c7c9970c178840509ca4d16d6013"}
,"/Users/andriimalanchuk/Desktop/HackReactor/airbnb-reservation/src/Components/styles/App.js": {"path":"/Users/andriimalanchuk/Desktop/HackReactor/airbnb-reservation/src/Components/styles/App.js","statementMap":{"0":{"start":{"line":3,"column":23},"end":{"line":15,"column":1}},"1":{"start":{"line":17,"column":22},"end":{"line":29,"column":1}}},"fnMap":{},"branchMap":{},"s":{"0":1,"1":1},"f":{},"b":{},"_coverageSchema":"43e27e138ebf9cfc5966b082cf9a028302ed4184","hash":"ef0d0aab5855e456477326aec5b2af4c1aab65aa"}
,"/Users/andriimalanchuk/Desktop/HackReactor/airbnb-reservation/src/Components/styles/Calendar.js": {"path":"/Users/andriimalanchuk/Desktop/HackReactor/airbnb-reservation/src/Components/styles/Calendar.js","statementMap":{"0":{"start":{"line":3,"column":23},"end":{"line":9,"column":1}},"1":{"start":{"line":11,"column":29},"end":{"line":15,"column":1}},"2":{"start":{"line":17,"column":30},"end":{"line":21,"column":1}},"3":{"start":{"line":23,"column":32},"end":{"line":34,"column":1}},"4":{"start":{"line":36,"column":21},"end":{"line":40,"column":1}},"5":{"start":{"line":42,"column":19},"end":{"line":44,"column":1}},"6":{"start":{"line":46,"column":19},"end":{"line":49,"column":1}},"7":{"start":{"line":51,"column":22},"end":{"line":53,"column":1}},"8":{"start":{"line":55,"column":23},"end":{"line":63,"column":1}}},"fnMap":{},"branchMap":{},"s":{"0":2,"1":2,"2":2,"3":2,"4":2,"5":2,"6":2,"7":2,"8":2},"f":{},"b":{},"_coverageSchema":"43e27e138ebf9cfc5966b082cf9a028302ed4184","hash":"9f274634ea38745aeeb63f8885c93a81d6c4d796"}
,"/Users/andriimalanchuk/Desktop/HackReactor/airbnb-reservation/src/Components/styles/Form.js": {"path":"/Users/andriimalanchuk/Desktop/HackReactor/airbnb-reservation/src/Components/styles/Form.js","statementMap":{"0":{"start":{"line":3,"column":23},"end":{"line":6,"column":1}},"1":{"start":{"line":8,"column":21},"end":{"line":14,"column":1}},"2":{"start":{"line":16,"column":23},"end":{"line":29,"column":1}},"3":{"start":{"line":31,"column":22},"end":{"line":33,"column":1}}},"fnMap":{},"branchMap":{},"s":{"0":1,"1":1,"2":1,"3":1},"f":{},"b":{},"_coverageSchema":"43e27e138ebf9cfc5966b082cf9a028302ed4184","hash":"1c4cac20c1dedda19a03af44963704788370493a"}
,"/Users/andriimalanchuk/Desktop/HackReactor/airbnb-reservation/src/Components/styles/Guests.js": {"path":"/Users/andriimalanchuk/Desktop/HackReactor/airbnb-reservation/src/Components/styles/Guests.js","statementMap":{"0":{"start":{"line":3,"column":23},"end":{"line":6,"column":1}},"1":{"start":{"line":8,"column":20},"end":{"line":20,"column":1}},"2":{"start":{"line":22,"column":26},"end":{"line":23,"column":1}},"3":{"start":{"line":25,"column":24},"end":{"line":27,"column":1}}},"fnMap":{},"branchMap":{},"s":{"0":1,"1":1,"2":1,"3":1},"f":{},"b":{},"_coverageSchema":"43e27e138ebf9cfc5966b082cf9a028302ed4184","hash":"9faeb2d9b083f324e92f8750079e36d4ff7ee8a7"}
,"/Users/andriimalanchuk/Desktop/HackReactor/airbnb-reservation/src/Components/styles/GuestsAdd.js": {"path":"/Users/andriimalanchuk/Desktop/HackReactor/airbnb-reservation/src/Components/styles/GuestsAdd.js","statementMap":{"0":{"start":{"line":3,"column":23},"end":{"line":13,"column":1}},"1":{"start":{"line":15,"column":25},"end":{"line":21,"column":1}},"2":{"start":{"line":23,"column":28},"end":{"line":26,"column":1}},"3":{"start":{"line":28,"column":24},"end":{"line":35,"column":1}},"4":{"start":{"line":37,"column":19},"end":{"line":44,"column":1}},"5":{"start":{"line":46,"column":22},"end":{"line":51,"column":1}}},"fnMap":{},"branchMap":{},"s":{"0":2,"1":2,"2":2,"3":2,"4":2,"5":2},"f":{},"b":{},"_coverageSchema":"43e27e138ebf9cfc5966b082cf9a028302ed4184","hash":"3ef6b6e92c4188617cdf417798d16ce2c8dd15e3"}
,"/Users/andriimalanchuk/Desktop/HackReactor/airbnb-reservation/src/Components/styles/NightsMessage.js": {"path":"/Users/andriimalanchuk/Desktop/HackReactor/airbnb-reservation/src/Components/styles/NightsMessage.js","statementMap":{"0":{"start":{"line":3,"column":23},"end":{"line":9,"column":1}},"1":{"start":{"line":11,"column":25},"end":{"line":18,"column":1}}},"fnMap":{},"branchMap":{},"s":{"0":2,"1":2},"f":{},"b":{},"_coverageSchema":"43e27e138ebf9cfc5966b082cf9a028302ed4184","hash":"9559b2c46b833d48c2d9c489c3db0729a2ac1569"}
,"/Users/andriimalanchuk/Desktop/HackReactor/airbnb-reservation/src/Components/styles/Price.js": {"path":"/Users/andriimalanchuk/Desktop/HackReactor/airbnb-reservation/src/Components/styles/Price.js","statementMap":{"0":{"start":{"line":3,"column":23},"end":{"line":6,"column":1}},"1":{"start":{"line":8,"column":23},"end":{"line":14,"column":1}},"2":{"start":{"line":16,"column":24},"end":{"line":22,"column":1}}},"fnMap":{},"branchMap":{},"s":{"0":1,"1":1,"2":1},"f":{},"b":{},"_coverageSchema":"43e27e138ebf9cfc5966b082cf9a028302ed4184","hash":"133379d2113a750c10244255fe6e5e32fe98a82d"}
,"/Users/andriimalanchuk/Desktop/HackReactor/airbnb-reservation/src/Components/styles/ServiceFees.js": {"path":"/Users/andriimalanchuk/Desktop/HackReactor/airbnb-reservation/src/Components/styles/ServiceFees.js","statementMap":{"0":{"start":{"line":3,"column":23},"end":{"line":10,"column":1}},"1":{"start":{"line":12,"column":25},"end":{"line":19,"column":1}}},"fnMap":{},"branchMap":{},"s":{"0":2,"1":2},"f":{},"b":{},"_coverageSchema":"43e27e138ebf9cfc5966b082cf9a028302ed4184","hash":"2d852f950316060c3521912bc51960b223b4c5ad"}
,"/Users/andriimalanchuk/Desktop/HackReactor/airbnb-reservation/src/Components/styles/TotalPrice.js": {"path":"/Users/andriimalanchuk/Desktop/HackReactor/airbnb-reservation/src/Components/styles/TotalPrice.js","statementMap":{"0":{"start":{"line":3,"column":23},"end":{"line":8,"column":1}},"1":{"start":{"line":10,"column":25},"end":{"line":16,"column":1}},"2":{"start":{"line":18,"column":29},"end":{"line":25,"column":1}},"3":{"start":{"line":27,"column":21},"end":{"line":34,"column":1}},"4":{"start":{"line":36,"column":22},"end":{"line":42,"column":1}}},"fnMap":{},"branchMap":{},"s":{"0":2,"1":2,"2":2,"3":2,"4":2},"f":{},"b":{},"_coverageSchema":"43e27e138ebf9cfc5966b082cf9a028302ed4184","hash":"eec83286626c84a7b406f74f95ed530d85dfdab7"}
}
