TN:
SF:/Users/andriimalanchuk/Desktop/HackReactor/airbnb-reservation/src/Components/App.jsx
FN:12,(anonymous_0)
FN:41,(anonymous_1)
FN:45,(anonymous_2)
FN:49,(anonymous_3)
FN:53,(anonymous_4)
FN:57,(anonymous_5)
FN:67,(anonymous_6)
FN:75,(anonymous_7)
FN:90,(anonymous_8)
FN:100,(anonymous_9)
FN:106,(anonymous_10)
FN:112,(anonymous_11)
FN:118,(anonymous_12)
FN:122,(anonymous_13)
FN:136,(anonymous_14)
FNF:15
FNH:7
FNDA:12,(anonymous_0)
FNDA:13,(anonymous_1)
FNDA:0,(anonymous_2)
FNDA:0,(anonymous_3)
FNDA:0,(anonymous_4)
FNDA:0,(anonymous_5)
FNDA:0,(anonymous_6)
FNDA:13,(anonymous_7)
FNDA:0,(anonymous_8)
FNDA:0,(anonymous_9)
FNDA:2,(anonymous_10)
FNDA:2,(anonymous_11)
FNDA:32,(anonymous_12)
FNDA:16,(anonymous_13)
FNDA:0,(anonymous_14)
DA:13,12
DA:14,12
DA:31,12
DA:32,12
DA:33,12
DA:34,12
DA:35,12
DA:36,12
DA:37,12
DA:38,12
DA:42,13
DA:46,0
DA:50,0
DA:54,0
DA:58,0
DA:59,0
DA:60,0
DA:62,0
DA:68,0
DA:69,0
DA:71,0
DA:72,0
DA:76,13
DA:77,13
DA:78,13
DA:79,13
DA:81,0
DA:82,0
DA:83,0
DA:85,13
DA:86,13
DA:87,13
DA:91,0
DA:101,0
DA:107,2
DA:113,2
DA:119,32
DA:124,16
DA:125,16
DA:136,0
LF:40
LH:23
BRDA:58,0,0,0
BRDA:58,0,1,0
BRDA:60,1,0,0
BRDA:60,1,1,0
BRDA:60,2,0,0
BRDA:60,2,1,0
BRDA:78,3,0,13
BRDA:78,3,1,0
BRDA:107,4,0,1
BRDA:107,4,1,1
BRDA:113,5,0,1
BRDA:113,5,1,1
BRDA:133,6,0,1
BRDA:133,6,1,15
BRDA:141,7,0,1
BRDA:141,7,1,15
BRDA:145,8,0,0
BRDA:145,8,1,16
BRF:18
BRH:10
end_of_record
TN:
SF:/Users/andriimalanchuk/Desktop/HackReactor/airbnb-reservation/src/Components/Calendar.jsx
FN:10,(anonymous_0)
FN:35,(anonymous_1)
FN:39,(anonymous_2)
FN:41,(anonymous_3)
FN:50,(anonymous_4)
FN:51,(anonymous_5)
FN:59,(anonymous_6)
FN:65,(anonymous_7)
FN:76,(anonymous_8)
FN:82,(anonymous_9)
FN:86,(anonymous_10)
FN:90,(anonymous_11)
FN:94,(anonymous_12)
FN:98,(anonymous_13)
FN:102,(anonymous_14)
FN:108,(anonymous_15)
FN:114,(anonymous_16)
FN:116,(anonymous_17)
FN:124,(anonymous_18)
FN:136,(anonymous_19)
FN:142,(anonymous_20)
FN:157,(anonymous_21)
FN:164,(anonymous_22)
FN:169,(anonymous_23)
FN:183,(anonymous_24)
FN:192,(anonymous_25)
FN:197,(anonymous_26)
FN:200,(anonymous_27)
FNF:28
FNH:15
FNDA:4,(anonymous_0)
FNDA:4,(anonymous_1)
FNDA:0,(anonymous_2)
FNDA:0,(anonymous_3)
FNDA:4,(anonymous_4)
FNDA:0,(anonymous_5)
FNDA:0,(anonymous_6)
FNDA:0,(anonymous_7)
FNDA:4,(anonymous_8)
FNDA:0,(anonymous_9)
FNDA:4,(anonymous_10)
FNDA:4,(anonymous_11)
FNDA:0,(anonymous_12)
FNDA:128,(anonymous_13)
FNDA:0,(anonymous_14)
FNDA:0,(anonymous_15)
FNDA:4,(anonymous_16)
FNDA:28,(anonymous_17)
FNDA:4,(anonymous_18)
FNDA:0,(anonymous_19)
FNDA:4,(anonymous_20)
FNDA:0,(anonymous_21)
FNDA:4,(anonymous_22)
FNDA:124,(anonymous_23)
FNDA:24,(anonymous_24)
FNDA:4,(anonymous_25)
FNDA:0,(anonymous_26)
FNDA:0,(anonymous_27)
DA:11,4
DA:12,4
DA:22,4
DA:23,4
DA:24,4
DA:25,4
DA:26,4
DA:27,4
DA:28,4
DA:29,4
DA:30,4
DA:31,4
DA:32,4
DA:36,4
DA:40,0
DA:41,0
DA:42,0
DA:43,0
DA:45,0
DA:51,4
DA:52,0
DA:53,0
DA:54,0
DA:55,0
DA:56,0
DA:59,4
DA:60,0
DA:61,0
DA:66,0
DA:67,0
DA:68,0
DA:69,0
DA:70,0
DA:71,0
DA:73,0
DA:77,4
DA:78,4
DA:79,4
DA:83,0
DA:87,4
DA:91,4
DA:95,0
DA:99,128
DA:103,0
DA:104,0
DA:105,0
DA:109,0
DA:110,0
DA:111,0
DA:115,4
DA:116,4
DA:117,28
DA:125,4
DA:127,4
DA:129,0
DA:133,4
DA:137,0
DA:138,0
DA:139,0
DA:143,4
DA:144,4
DA:146,4
DA:147,124
DA:148,36
DA:149,36
DA:152,88
DA:155,124
DA:157,0
DA:161,4
DA:165,4
DA:166,4
DA:167,4
DA:169,4
DA:170,124
DA:171,104
DA:173,20
DA:174,20
DA:175,20
DA:176,20
DA:178,124
DA:179,4
DA:180,4
DA:183,4
DA:184,24
DA:193,4
DA:197,0
DA:200,0
LF:87
LH:53
BRDA:55,0,0,0
BRDA:55,0,1,0
BRDA:55,1,0,0
BRDA:55,1,1,0
BRDA:139,2,0,0
BRDA:139,2,1,0
BRDA:147,3,0,36
BRDA:147,3,1,88
BRDA:149,4,0,0
BRDA:149,4,1,36
BRDA:152,5,0,0
BRDA:152,5,1,88
BRDA:170,6,0,104
BRDA:170,6,1,20
BRDA:178,7,0,4
BRDA:178,7,1,120
BRF:16
BRH:8
end_of_record
TN:
SF:/Users/andriimalanchuk/Desktop/HackReactor/airbnb-reservation/src/Components/Form.jsx
FN:5,(anonymous_0)
FN:15,(anonymous_1)
FN:27,(anonymous_2)
FNF:3
FNH:3
FNDA:4,(anonymous_0)
FNDA:4,(anonymous_1)
FNDA:8,(anonymous_2)
DA:6,4
DA:7,4
DA:16,4
DA:18,0
DA:29,8
LF:5
LH:4
BRDA:16,0,0,0
BRDA:16,0,1,4
BRDA:16,1,0,4
BRDA:16,1,1,4
BRDA:16,1,2,0
BRDA:16,1,3,0
BRF:6
BRH:3
end_of_record
TN:
SF:/Users/andriimalanchuk/Desktop/HackReactor/airbnb-reservation/src/Components/Guests.jsx
FN:5,(anonymous_0)
FN:14,(anonymous_1)
FN:21,(anonymous_2)
FNF:3
FNH:3
FNDA:4,(anonymous_0)
FNDA:4,(anonymous_1)
FNDA:8,(anonymous_2)
DA:6,4
DA:7,4
DA:15,4
DA:16,4
DA:17,0
DA:22,8
DA:23,8
LF:7
LH:6
BRDA:16,0,0,0
BRDA:16,0,1,4
BRDA:16,1,0,4
BRDA:16,1,1,4
BRDA:16,1,2,4
BRDA:27,2,0,8
BRDA:27,2,1,0
BRDA:28,3,0,8
BRDA:28,3,1,0
BRDA:28,4,0,0
BRDA:28,4,1,0
BRF:11
BRH:6
end_of_record
TN:
SF:/Users/andriimalanchuk/Desktop/HackReactor/airbnb-reservation/src/Components/GuestsAdd.jsx
FN:5,(anonymous_0)
FN:20,(anonymous_1)
FN:26,(anonymous_2)
FN:32,(anonymous_3)
FN:38,(anonymous_4)
FN:44,(anonymous_5)
FN:50,(anonymous_6)
FN:56,(anonymous_7)
FNF:8
FNH:8
FNDA:9,(anonymous_0)
FNDA:1,(anonymous_1)
FNDA:1,(anonymous_2)
FNDA:1,(anonymous_3)
FNDA:1,(anonymous_4)
FNDA:1,(anonymous_5)
FNDA:1,(anonymous_6)
FNDA:15,(anonymous_7)
DA:6,9
DA:7,9
DA:12,9
DA:13,9
DA:14,9
DA:15,9
DA:16,9
DA:17,9
DA:21,1
DA:22,1
DA:23,1
DA:27,1
DA:28,1
DA:29,1
DA:33,1
DA:34,1
DA:35,1
DA:39,1
DA:40,1
DA:41,1
DA:45,1
DA:46,1
DA:47,1
DA:51,1
DA:52,1
DA:53,1
DA:57,15
LF:27
LH:27
BRF:0
BRH:0
end_of_record
TN:
SF:/Users/andriimalanchuk/Desktop/HackReactor/airbnb-reservation/src/Components/Month.jsx
FN:3,(anonymous_0)
FNF:1
FNH:1
FNDA:4,(anonymous_0)
DA:3,2
DA:4,4
LF:2
LH:2
BRF:0
BRH:0
end_of_record
TN:
SF:/Users/andriimalanchuk/Desktop/HackReactor/airbnb-reservation/src/Components/NightsMessage.jsx
FN:4,(anonymous_0)
FNF:1
FNH:1
FNDA:1,(anonymous_0)
DA:4,2
DA:5,1
LF:2
LH:2
BRF:0
BRH:0
end_of_record
TN:
SF:/Users/andriimalanchuk/Desktop/HackReactor/airbnb-reservation/src/Components/Price.jsx
FN:4,(anonymous_0)
FNF:1
FNH:1
FNDA:8,(anonymous_0)
DA:4,1
DA:6,8
LF:2
LH:2
BRF:0
BRH:0
end_of_record
TN:
SF:/Users/andriimalanchuk/Desktop/HackReactor/airbnb-reservation/src/Components/ServiceFees.jsx
FN:4,(anonymous_0)
FNF:1
FNH:1
FNDA:1,(anonymous_0)
DA:4,2
DA:5,1
LF:2
LH:2
BRF:0
BRH:0
end_of_record
TN:
SF:/Users/andriimalanchuk/Desktop/HackReactor/airbnb-reservation/src/Components/TotalPrice.jsx
FN:7,(anonymous_0)
FN:22,(anonymous_1)
FN:34,(anonymous_2)
FN:38,(anonymous_3)
FN:44,(anonymous_4)
FN:50,(anonymous_5)
FNF:6
FNH:6
FNDA:3,(anonymous_0)
FNDA:4,(anonymous_1)
FNDA:10,(anonymous_2)
FNDA:2,(anonymous_3)
FNDA:2,(anonymous_4)
FNDA:7,(anonymous_5)
DA:8,3
DA:9,3
DA:17,3
DA:18,3
DA:19,3
DA:23,4
DA:27,0
DA:35,10
DA:39,2
DA:45,2
DA:51,7
DA:52,7
DA:53,7
DA:54,7
LF:14
LH:13
BRDA:23,0,0,0
BRDA:23,0,1,4
BRDA:23,1,0,4
BRDA:23,1,1,4
BRDA:23,1,2,4
BRDA:23,1,3,4
BRDA:39,2,0,1
BRDA:39,2,1,1
BRDA:45,3,0,1
BRDA:45,3,1,1
BRDA:57,4,0,1
BRDA:57,4,1,6
BRDA:59,5,0,1
BRDA:59,5,1,6
BRF:14
BRH:13
end_of_record
TN:
SF:/Users/andriimalanchuk/Desktop/HackReactor/airbnb-reservation/src/Components/Year.jsx
FN:3,(anonymous_0)
FNF:1
FNH:1
FNDA:4,(anonymous_0)
DA:3,2
DA:5,4
LF:2
LH:2
BRF:0
BRH:0
end_of_record
TN:
SF:/Users/andriimalanchuk/Desktop/HackReactor/airbnb-reservation/src/Components/styles/App.js
FNF:0
FNH:0
DA:3,1
DA:17,1
LF:2
LH:2
BRF:0
BRH:0
end_of_record
TN:
SF:/Users/andriimalanchuk/Desktop/HackReactor/airbnb-reservation/src/Components/styles/Calendar.js
FNF:0
FNH:0
DA:3,2
DA:11,2
DA:17,2
DA:23,2
DA:36,2
DA:42,2
DA:46,2
DA:51,2
DA:55,2
LF:9
LH:9
BRF:0
BRH:0
end_of_record
TN:
SF:/Users/andriimalanchuk/Desktop/HackReactor/airbnb-reservation/src/Components/styles/Form.js
FNF:0
FNH:0
DA:3,1
DA:8,1
DA:16,1
DA:31,1
LF:4
LH:4
BRF:0
BRH:0
end_of_record
TN:
SF:/Users/andriimalanchuk/Desktop/HackReactor/airbnb-reservation/src/Components/styles/Guests.js
FNF:0
FNH:0
DA:3,1
DA:8,1
DA:22,1
DA:25,1
LF:4
LH:4
BRF:0
BRH:0
end_of_record
TN:
SF:/Users/andriimalanchuk/Desktop/HackReactor/airbnb-reservation/src/Components/styles/GuestsAdd.js
FNF:0
FNH:0
DA:3,2
DA:15,2
DA:23,2
DA:28,2
DA:37,2
DA:46,2
LF:6
LH:6
BRF:0
BRH:0
end_of_record
TN:
SF:/Users/andriimalanchuk/Desktop/HackReactor/airbnb-reservation/src/Components/styles/NightsMessage.js
FNF:0
FNH:0
DA:3,2
DA:11,2
LF:2
LH:2
BRF:0
BRH:0
end_of_record
TN:
SF:/Users/andriimalanchuk/Desktop/HackReactor/airbnb-reservation/src/Components/styles/Price.js
FNF:0
FNH:0
DA:3,1
DA:8,1
DA:16,1
LF:3
LH:3
BRF:0
BRH:0
end_of_record
TN:
SF:/Users/andriimalanchuk/Desktop/HackReactor/airbnb-reservation/src/Components/styles/ServiceFees.js
FNF:0
FNH:0
DA:3,2
DA:12,2
LF:2
LH:2
BRF:0
BRH:0
end_of_record
TN:
SF:/Users/andriimalanchuk/Desktop/HackReactor/airbnb-reservation/src/Components/styles/TotalPrice.js
FNF:0
FNH:0
DA:3,2
DA:10,2
DA:18,2
DA:27,2
DA:36,2
LF:5
LH:5
BRF:0
BRH:0
end_of_record
